<?xml version="1.0" encoding="UTF-8"?>
<testsuite name="com.example.token.TokenApplicationTests" tests="1" skipped="0" failures="0" errors="0" timestamp="2023-09-15T09:06:15" hostname="Olenas-MacBook-Pro.local" time="0.663">
  <properties/>
  <testcase name="contextLoads()" classname="com.example.token.TokenApplicationTests" time="0.663"/>
  <system-out><![CDATA[11:06:13.876 [Test worker] INFO org.springframework.test.context.support.AnnotationConfigContextLoaderUtils -- Could not detect default configuration classes for test class [com.example.token.TokenApplicationTests]: TokenApplicationTests does not declare any static, non-private, non-final, nested classes annotated with @Configuration.
11:06:13.946 [Test worker] INFO org.springframework.boot.test.context.SpringBootTestContextBootstrapper -- Found @SpringBootConfiguration com.example.token.TokenApplication for test class com.example.token.TokenApplicationTests

  .   ____          _            __ _ _
 /\\ / ___'_ __ _ _(_)_ __  __ _ \ \ \ \
( ( )\___ | '_ | '_| | '_ \/ _` | \ \ \ \
 \\/  ___)| |_)| | | | | || (_| |  ) ) ) )
  '  |____| .__|_| |_|_| |_\__, | / / / /
 =========|_|==============|___/=/_/_/_/
 :: Spring Boot ::                (v3.1.1)

2023-09-15T11:06:14.285+02:00  INFO 5597 --- [    Test worker] c.example.token.TokenApplicationTests    : Starting TokenApplicationTests using Java 17.0.8.1 with PID 5597 (started by olenakuda in /Users/olenakuda/Programming/git/jwt-spring-boot)
2023-09-15T11:06:14.286+02:00  INFO 5597 --- [    Test worker] c.example.token.TokenApplicationTests    : No active profile set, falling back to 1 default profile: "default"
2023-09-15T11:06:15.324+02:00  INFO 5597 --- [    Test worker] o.s.s.web.DefaultSecurityFilterChain     : Will secure any request with [org.springframework.security.web.session.DisableEncodeUrlFilter@6dca31eb, org.springframework.security.web.context.request.async.WebAsyncManagerIntegrationFilter@4a058df8, org.springframework.security.web.context.SecurityContextHolderFilter@69a024a0, org.springframework.security.web.header.HeaderWriterFilter@5fdfe8cf, org.springframework.security.web.csrf.CsrfFilter@2519026b, org.springframework.security.web.authentication.logout.LogoutFilter@4e0cc334, org.springframework.security.oauth2.server.resource.web.authentication.BearerTokenAuthenticationFilter@2d258eff, org.springframework.security.web.authentication.www.BasicAuthenticationFilter@5d5c41e5, org.springframework.security.web.savedrequest.RequestCacheAwareFilter@2d7637e6, org.springframework.security.web.servletapi.SecurityContextHolderAwareRequestFilter@2e71240b, org.springframework.security.web.authentication.AnonymousAuthenticationFilter@4b56b031, org.springframework.security.web.session.SessionManagementFilter@8054fe2, org.springframework.security.web.access.ExceptionTranslationFilter@3f9b7fe1, org.springframework.security.web.access.intercept.AuthorizationFilter@4792f119]
2023-09-15T11:06:15.527+02:00  INFO 5597 --- [    Test worker] c.example.token.TokenApplicationTests    : Started TokenApplicationTests in 1.469 seconds (process running for 2.293)
]]></system-out>
  <system-err><![CDATA[]]></system-err>
</testsuite>
